trim uniform 4e4bb3
update zulu a05ab2
update juliet 3c1e5a
tune golf 150536
seed tango e482a5
seed lattice af4e7a
tidy sierra 2eead1
bump november 88d2d8
expand echo 0d273d
wire harbor c81976
refactor delta 02052a
polish romeo 9e2534
seed india f12c8f
refactor oscar 64557f
polish xray a0e099
update cobalt 0f1377
adjust quebec 0b895e
tidy uniform 0f6a43
bump zulu 9899b2
expand yankee 58ecf8
bump prism f4dcd3
tidy xray 4d04d9
prune lattice a008f5
cleanup prism 4ba61e
bump lima c1cc59
rework lima 9818db
tidy tango 250f60
trim ember 212abe
expand alpha 785037
wire ember 0adf2a
