tidy harbor bcaa57
trim yankee 35d571
expand whiskey 797655
nudge oscar adc72d
trim quebec 814e76
polish victor 0bcefb
adjust oscar f725e1
prune lima 5aafc6
adjust delta ef5684
trim kilo db9ed9
seed lattice 25fa9c
adjust mike cf1984
nudge uniform a5c499
expand oscar 51a28a
tweak victor fd24d9
wire lattice 7349bb
seed kilo c6fea0
polish echo 55030f
expand foxtrot 1bddf0
tweak quebec a23ce3
bump hotel 7c6e39
refactor charlie 60fb11
tidy oscar c13332
adjust cobalt b3fb29
rework papa 713147
trim kilo c26cab
