[2026-05-06T01:20:34+00:00] target 6500/day, sleep 6-19s, batch 150-300
 1/242  refactor: trim ember                          trim bravo-506804.dat:9
 2/242  docs: seed november                           append bravo-506804.dat
 3/242  romeo reworks                                 append bravo-506804.dat
 4/242  wip: uniform bumps                            append cobalt-12233d.dat
 5/242  docs: xray polishs                            append harbor-78c91c.csv
 6/242  fix: expand whiskey (ee2b98)                  create echo-355224.txt
 7/242  build: prune whiskey (962e60)                 trim echo-355224.txt:3
 8/242  build: expand lima victor                     drop cobalt-12233d.dat
 9/242  docs: bump juliet (5d2fb1)                    modify harbor-78c91c.csv:10
10/242  tango seeds                                   drop harbor-78c91c.csv
11/242  docs: cleanup lattice ember                   rename echo-355224.txt -> golf-cfeeef.log
12/242  refactor: seed kilo (8e6a66)                  append golf-cfeeef.log
13/242  wip: cleanup zulu                             append bravo-506804.dat
14/242  cleanup delta                                 modify bravo-506804.dat:6
15/242  wip: update victor for juliet                 create alpha-2457c4.dat
16/242  feat: yankee nudges                           rename golf-cfeeef.log -> golf-16ff4e.txt
17/242  build: prism expands                          drop alpha-2457c4.dat
18/242  nudge delta for yankee                        modify golf-16ff4e.txt:4
19/242  seed ember                                    modify bravo-506804.dat:2
20/242  feat: kilo wires                              create bravo-eb6bf4.dat
21/242  wire delta (df1eaa)                           modify golf-16ff4e.txt:3
