nudge nimbus 656fed
tidy solstice 4d942b
refactor uniform d037cc
trim papa a4af9c
cleanup uniform 1552bd
polish prism e1c39d
update harbor 056dde
tune whiskey f0a64f
trim victor eaef33
expand echo 71a8f8
polish alpha 5053f7
rework zulu 50ca80
polish echo a0bf9a
nudge tango c975c0
update foxtrot d495e3
tweak zulu 2cc45c
nudge golf a20074
tweak harbor 8627a2
tweak xray c8acaf
cleanup solstice cfbfb8
update nimbus 551083
tidy nimbus 2aaf08
expand whiskey a29667
update juliet 7f8247
adjust papa e1ae3f
update alpha 4cad93
tweak papa e0801a
trim victor 9c247d
seed sierra c60b43
update november ad1c79
adjust zulu 32b3a7
expand whiskey 3ba4a6
seed juliet 506484
polish cobalt f2aa4e
wire delta c01cd2
tweak uniform ca3567
expand mike bdaeb0
