expand nimbus 71a185
bump november beb262
cleanup golf d024ba
seed lattice 92aae4
update uniform 268e7c
update harbor 59f0ea
expand charlie 6fc917
cleanup yankee 838041
prune cobalt f1770b
nudge zulu 373861
expand victor c95c34
seed foxtrot 86b020
polish xray 535d19
adjust delta 137b2d
tweak hotel 4d919a
expand golf 649af3
tune india c05554
polish tango c6b28b
wire bravo 9b2c1b
nudge prism e2fb76
nudge yankee 2e4a73
nudge mike 4711cb
polish golf 797e25
rework echo 6875ec
prune golf da4b3a
cleanup delta b1838a
tidy whiskey 71a037
seed quebec 50bbb1
nudge alpha b0b8e3
update sierra 1fbaf8
update charlie 0dbf11
prune lima ab751c
refactor bravo 683a27
